2019-06-17 09:24:56,771 [main] INFO  c.g.e.m.h.c.ui.Html5AppCoreUIPlugin - Pluging started
2019-06-17 09:25:11,037 [Worker-2] INFO  o.e.m.c.i.i.nexus.NexusIndexManager - Updating index for repository: central|http://repo.maven.apache.org/maven2
2019-06-17 09:25:11,145 [Worker-2] INFO  c.n.h.c.p.n.NettyAsyncHttpProvider - Number of application's worked threads is 8
2019-06-17 10:28:55,588 [main] INFO  c.g.e.m.h.c.ui.Html5AppCoreUIPlugin - Pluging started
2019-06-17 10:29:11,921 [Worker-10] INFO  o.e.m.c.i.i.nexus.NexusIndexManager - Updating index for repository: central|http://repo.maven.apache.org/maven2
2019-06-17 10:29:12,030 [Worker-10] INFO  c.n.h.c.p.n.NettyAsyncHttpProvider - Number of application's worked threads is 8
2019-06-17 10:29:28,908 [Worker-10] ERROR o.e.m.c.i.i.nexus.NexusIndexManager - Unable to update index for central|http://repo.maven.apache.org/maven2
java.io.IOException: connection timed out to http://repo.maven.apache.org/maven2/.index/nexus-maven-repository-index.properties
	at org.eclipse.m2e.core.internal.index.nexus.AsyncFetcher$PipedErrorInputStream.checkError(AsyncFetcher.java:252) ~[org.eclipse.m2e.core_1.2.0.me201306201512.jar:na]
	at org.eclipse.m2e.core.internal.index.nexus.AsyncFetcher$PipedErrorInputStream.read(AsyncFetcher.java:260) ~[org.eclipse.m2e.core_1.2.0.me201306201512.jar:na]
	at java.io.PipedInputStream.read(PipedInputStream.java:361) ~[na:1.6.0_43]
	at java.io.InputStream.read(InputStream.java:82) ~[na:1.6.0_43]
	at java.util.Properties$LineReader.readLine(Properties.java:418) ~[na:1.6.0_43]
	at java.util.Properties.load0(Properties.java:337) ~[na:1.6.0_43]
	at java.util.Properties.load(Properties.java:325) ~[na:1.6.0_43]
	at org.apache.maven.index.updater.DefaultIndexUpdater.downloadIndexProperties(DefaultIndexUpdater.java:457) ~[indexer-core-3.1.0.jar:3.1.0]
	at org.apache.maven.index.updater.DefaultIndexUpdater.access$100(DefaultIndexUpdater.java:75) ~[indexer-core-3.1.0.jar:3.1.0]
	at org.apache.maven.index.updater.DefaultIndexUpdater$IndexAdaptor.setProperties(DefaultIndexUpdater.java:607) ~[indexer-core-3.1.0.jar:3.1.0]
	at org.apache.maven.index.updater.DefaultIndexUpdater.fetchAndUpdateIndex(DefaultIndexUpdater.java:788) ~[indexer-core-3.1.0.jar:3.1.0]
	at org.apache.maven.index.updater.DefaultIndexUpdater.fetchAndUpdateIndex(DefaultIndexUpdater.java:135) ~[indexer-core-3.1.0.jar:3.1.0]
	at org.eclipse.m2e.core.internal.index.nexus.NexusIndexManager.updateRemoteIndex(NexusIndexManager.java:1235) [org.eclipse.m2e.core_1.2.0.me201306201512.jar:na]
	at org.eclipse.m2e.core.internal.index.nexus.NexusIndexManager.updateIndex(NexusIndexManager.java:1190) [org.eclipse.m2e.core_1.2.0.me201306201512.jar:na]
	at org.eclipse.m2e.core.internal.index.nexus.NexusIndexManager$1.run(NexusIndexManager.java:705) [org.eclipse.m2e.core_1.2.0.me201306201512.jar:na]
	at org.eclipse.m2e.core.internal.index.nexus.IndexUpdaterJob.run(IndexUpdaterJob.java:71) [org.eclipse.m2e.core_1.2.0.me201306201512.jar:na]
	at org.eclipse.core.internal.jobs.Worker.run(Worker.java:54) [org.eclipse.core.jobs_3.5.200.v20120521-2346.jar:na]
java.net.ConnectException: connection timed out to http://repo.maven.apache.org/maven2/.index/nexus-maven-repository-index.properties
	at com.ning.http.client.providers.netty.NettyConnectListener.operationComplete(NettyConnectListener.java:95) ~[na:na]
	at org.jboss.netty.channel.DefaultChannelFuture.notifyListener(DefaultChannelFuture.java:381) ~[na:na]
	at org.jboss.netty.channel.DefaultChannelFuture.notifyListeners(DefaultChannelFuture.java:372) ~[na:na]
	at org.jboss.netty.channel.DefaultChannelFuture.setFailure(DefaultChannelFuture.java:334) ~[na:na]
	at org.jboss.netty.channel.socket.nio.NioClientSocketPipelineSink$Boss.processConnectTimeout(NioClientSocketPipelineSink.java:374) ~[na:na]
	at org.jboss.netty.channel.socket.nio.NioClientSocketPipelineSink$Boss.run(NioClientSocketPipelineSink.java:283) ~[na:na]
	at org.jboss.netty.util.ThreadRenamingRunnable.run(ThreadRenamingRunnable.java:108) ~[na:na]
	at org.jboss.netty.util.internal.DeadLockProofWorker$1.run(DeadLockProofWorker.java:44) ~[na:na]
	at java.util.concurrent.ThreadPoolExecutor$Worker.runTask(ThreadPoolExecutor.java:895) ~[na:1.6.0_43]
	at java.util.concurrent.ThreadPoolExecutor$Worker.run(ThreadPoolExecutor.java:918) ~[na:1.6.0_43]
	at java.lang.Thread.run(Thread.java:662) ~[na:1.6.0_43]
Caused by: java.net.ConnectException: connection timed out
	at org.jboss.netty.channel.socket.nio.NioClientSocketPipelineSink$Boss.processConnectTimeout(NioClientSocketPipelineSink.java:371) ~[na:na]
	at org.jboss.netty.channel.socket.nio.NioClientSocketPipelineSink$Boss.run(NioClientSocketPipelineSink.java:283) ~[na:na]
	... 3 common frames omitted
2019-06-17 20:14:12,726 [main] INFO  c.g.e.m.h.c.ui.Html5AppCoreUIPlugin - Pluging started
2019-06-17 20:14:33,062 [Worker-13] INFO  o.e.m.c.i.i.nexus.NexusIndexManager - Updating index for repository: central|http://repo.maven.apache.org/maven2
2019-06-17 20:14:34,692 [Worker-13] INFO  c.n.h.c.p.n.NettyAsyncHttpProvider - Number of application's worked threads is 8
2019-06-17 20:31:02,944 [main] INFO  c.g.e.m.h.c.ui.Html5AppCoreUIPlugin - Pluging started
2019-06-17 20:31:37,574 [Worker-2] INFO  o.e.m.c.i.i.nexus.NexusIndexManager - Updating index for repository: central|http://repo.maven.apache.org/maven2
2019-06-17 20:31:37,757 [Worker-2] INFO  c.n.h.c.p.n.NettyAsyncHttpProvider - Number of application's worked threads is 8
2019-06-18 08:20:09,144 [main] INFO  c.g.e.m.h.c.ui.Html5AppCoreUIPlugin - Pluging started
2019-06-18 08:21:09,547 [Worker-25] INFO  o.e.m.c.i.i.nexus.NexusIndexManager - Updating index for repository: central|http://repo.maven.apache.org/maven2
2019-06-18 08:21:09,712 [Worker-25] INFO  c.n.h.c.p.n.NettyAsyncHttpProvider - Number of application's worked threads is 8
2019-06-18 10:14:06,088 [Worker-25] ERROR o.e.m.c.i.i.nexus.NexusIndexManager - Unable to update index for central|http://repo.maven.apache.org/maven2
java.io.IOException: ´ÅÅÌ¿Õ¼ä²»×ã¡£
	at java.io.FileOutputStream.writeBytes(Native Method) ~[na:1.6.0_43]
	at java.io.FileOutputStream.write(FileOutputStream.java:282) ~[na:1.6.0_43]
	at org.codehaus.plexus.util.IOUtil.copy(IOUtil.java:190) ~[plexus-utils-2.0.6.jar:na]
	at org.codehaus.plexus.util.IOUtil.copy(IOUtil.java:174) ~[plexus-utils-2.0.6.jar:na]
	at org.codehaus.plexus.util.FileUtils.copyStreamToFile(FileUtils.java:1143) ~[plexus-utils-2.0.6.jar:na]
	at org.codehaus.plexus.util.FileUtils.copyFile(FileUtils.java:1048) ~[plexus-utils-2.0.6.jar:na]
	at org.codehaus.plexus.util.FileUtils.copyFileToDirectory(FileUtils.java:990) ~[plexus-utils-2.0.6.jar:na]
	at org.codehaus.plexus.util.FileUtils.copyDirectory(FileUtils.java:1916) ~[plexus-utils-2.0.6.jar:na]
	at org.codehaus.plexus.util.FileUtils.copyDirectory(FileUtils.java:1888) ~[plexus-utils-2.0.6.jar:na]
	at org.eclipse.m2e.core.internal.index.nexus.NexusIndexManager.updateRemoteIndex(NexusIndexManager.java:1254) [org.eclipse.m2e.core_1.2.0.me201306201512.jar:na]
	at org.eclipse.m2e.core.internal.index.nexus.NexusIndexManager.updateIndex(NexusIndexManager.java:1190) [org.eclipse.m2e.core_1.2.0.me201306201512.jar:na]
	at org.eclipse.m2e.core.internal.index.nexus.NexusIndexManager$1.run(NexusIndexManager.java:705) [org.eclipse.m2e.core_1.2.0.me201306201512.jar:na]
	at org.eclipse.m2e.core.internal.index.nexus.IndexUpdaterJob.run(IndexUpdaterJob.java:71) [org.eclipse.m2e.core_1.2.0.me201306201512.jar:na]
	at org.eclipse.core.internal.jobs.Worker.run(Worker.java:54) [org.eclipse.core.jobs_3.5.200.v20120521-2346.jar:na]
